<?xml version="1.0" encoding="UTF-8"?>
<!-- Generated by org.testng.reporters.JUnitXMLReporter -->
<testsuite hostname="AIPL-PUN-LT56" ignored="0" name="Test" tests="3" failures="0" timestamp="2020-05-12T11:14:21 IST" time="63.767" errors="0">
  <testcase name="loginPageTitleTest" time="17.121" classname="com.xpand.DemoTest"/>
  <testcase name="loginTest" time="22.227" classname="com.xpand.DemoTest"/>
  <testcase name="verifyUser" time="24.341" classname="com.xpand.DemoTest"/>
</testsuite> <!-- Test -->
