<?xml version="1.0" encoding="UTF-8"?>
<!-- Generated by org.testng.reporters.JUnitXMLReporter -->
<testsuite hostname="AIPL-PUN-LT56" ignored="0" name="Default test" tests="3" failures="0" timestamp="2020-05-12T10:24:46 IST" time="177.707" errors="0">
  <testcase name="loginPageTitleTest" time="121.839" classname="com.xpand.DemoTest"/>
  <testcase name="loginTest" time="25.732" classname="com.xpand.DemoTest"/>
  <testcase name="verifyUser" time="30.047" classname="com.xpand.DemoTest"/>
</testsuite> <!-- Default test -->
