<?xml version="1.0" encoding="UTF-8"?>
<testng-results skipped="0" failed="0" ignored="0" total="3" passed="3">
  <reporter-output>
  </reporter-output>
  <suite name="Suite" duration-ms="63767" started-at="2020-05-12T11:13:17 IST" finished-at="2020-05-12T11:14:21 IST">
    <groups>
    </groups>
    <test name="Test" duration-ms="63767" started-at="2020-05-12T11:13:17 IST" finished-at="2020-05-12T11:14:21 IST">
      <class name="com.xpand.DemoTest">
        <test-method status="PASS" signature="setUp()[pri:0, instance:com.xpand.DemoTest@64d2d351]" name="setUp" is-config="true" duration-ms="28" started-at="2020-05-12T11:13:17 IST" finished-at="2020-05-12T11:13:17 IST">
          <reporter-output>
          </reporter-output>
        </test-method> <!-- setUp -->
        <test-method status="PASS" signature="loginPageTitleTest()[pri:0, instance:com.xpand.DemoTest@64d2d351]" name="loginPageTitleTest" duration-ms="17121" started-at="2020-05-12T11:13:17 IST" finished-at="2020-05-12T11:13:34 IST">
          <reporter-output>
          </reporter-output>
        </test-method> <!-- loginPageTitleTest -->
        <test-method status="PASS" signature="loginTest()[pri:0, instance:com.xpand.DemoTest@64d2d351]" name="loginTest" duration-ms="22227" started-at="2020-05-12T11:13:34 IST" finished-at="2020-05-12T11:13:56 IST">
          <reporter-output>
          </reporter-output>
        </test-method> <!-- loginTest -->
        <test-method status="PASS" signature="verifyUser()[pri:0, instance:com.xpand.DemoTest@64d2d351]" name="verifyUser" duration-ms="24341" started-at="2020-05-12T11:13:56 IST" finished-at="2020-05-12T11:14:21 IST">
          <reporter-output>
          </reporter-output>
        </test-method> <!-- verifyUser -->
        <test-method status="PASS" signature="tearDown()[pri:0, instance:com.xpand.DemoTest@64d2d351]" name="tearDown" is-config="true" duration-ms="0" started-at="2020-05-12T11:14:21 IST" finished-at="2020-05-12T11:14:21 IST">
          <reporter-output>
          </reporter-output>
        </test-method> <!-- tearDown -->
      </class> <!-- com.xpand.DemoTest -->
    </test> <!-- Test -->
  </suite> <!-- Suite -->
</testng-results>
